mode: set
github.com/kwk-super-snippets/cli/src/app/runtime/runtime.go:35.25,36.21 1 0
github.com/kwk-super-snippets/cli/src/app/runtime/runtime.go:39.2,39.23 1 0
github.com/kwk-super-snippets/cli/src/app/runtime/runtime.go:36.21,38.3 1 0
github.com/kwk-super-snippets/cli/src/app/runtime/runtime.go:42.150,48.2 5 1
github.com/kwk-super-snippets/cli/src/app/runtime/runtime.go:50.51,51.65 1 1
github.com/kwk-super-snippets/cli/src/app/runtime/runtime.go:52.2,53.16 2 1
github.com/kwk-super-snippets/cli/src/app/runtime/runtime.go:51.65,51.97 1 1
github.com/kwk-super-snippets/cli/src/app/runtime/runtime.go:53.16,56.3 2 0
github.com/kwk-super-snippets/cli/src/app/runtime/runtime.go:60.51,61.37 1 1
github.com/kwk-super-snippets/cli/src/app/runtime/runtime.go:64.2,65.32 2 1
github.com/kwk-super-snippets/cli/src/app/runtime/runtime.go:74.2,75.16 2 1
github.com/kwk-super-snippets/cli/src/app/runtime/runtime.go:61.37,63.3 1 1
github.com/kwk-super-snippets/cli/src/app/runtime/runtime.go:65.32,68.17 3 1
github.com/kwk-super-snippets/cli/src/app/runtime/runtime.go:71.3,72.13 2 1
github.com/kwk-super-snippets/cli/src/app/runtime/runtime.go:68.17,70.4 1 0
github.com/kwk-super-snippets/cli/src/app/runtime/runtime.go:75.16,79.3 2 0
github.com/kwk-super-snippets/cli/src/app/runtime/runtime.go:83.100,84.22 1 1
github.com/kwk-super-snippets/cli/src/app/runtime/runtime.go:88.2,89.16 2 1
github.com/kwk-super-snippets/cli/src/app/runtime/runtime.go:92.2,93.16 2 1
github.com/kwk-super-snippets/cli/src/app/runtime/runtime.go:96.2,97.16 2 1
github.com/kwk-super-snippets/cli/src/app/runtime/runtime.go:100.2,101.19 2 0
github.com/kwk-super-snippets/cli/src/app/runtime/runtime.go:84.22,87.3 2 1
github.com/kwk-super-snippets/cli/src/app/runtime/runtime.go:89.16,91.3 1 1
github.com/kwk-super-snippets/cli/src/app/runtime/runtime.go:93.16,95.3 1 1
github.com/kwk-super-snippets/cli/src/app/runtime/runtime.go:97.16,99.3 1 1
github.com/kwk-super-snippets/cli/src/app/runtime/runtime.go:104.64,107.2 2 1
github.com/kwk-super-snippets/cli/src/app/runtime/runtime.go:109.65,112.16 3 1
github.com/kwk-super-snippets/cli/src/app/runtime/runtime.go:115.2,117.16 3 1
github.com/kwk-super-snippets/cli/src/app/runtime/runtime.go:120.2,120.21 1 1
github.com/kwk-super-snippets/cli/src/app/runtime/runtime.go:112.16,114.3 1 1
github.com/kwk-super-snippets/cli/src/app/runtime/runtime.go:117.16,119.3 1 0
github.com/kwk-super-snippets/cli/src/app/runtime/runtime.go:123.114,126.16 3 1
github.com/kwk-super-snippets/cli/src/app/runtime/runtime.go:129.2,130.16 2 1
github.com/kwk-super-snippets/cli/src/app/runtime/runtime.go:133.2,134.16 2 1
github.com/kwk-super-snippets/cli/src/app/runtime/runtime.go:137.2,137.21 1 1
github.com/kwk-super-snippets/cli/src/app/runtime/runtime.go:126.16,128.3 1 0
github.com/kwk-super-snippets/cli/src/app/runtime/runtime.go:130.16,132.3 1 0
github.com/kwk-super-snippets/cli/src/app/runtime/runtime.go:134.16,136.3 1 0
github.com/kwk-super-snippets/cli/src/app/runtime/types.go:13.93,14.22 1 1
github.com/kwk-super-snippets/cli/src/app/runtime/types.go:18.2,23.3 1 1
github.com/kwk-super-snippets/cli/src/app/runtime/types.go:14.22,17.3 2 1
github.com/kwk-super-snippets/cli/src/app/runtime/types.go:26.32,40.2 1 1
github.com/kwk-super-snippets/cli/src/app/runtime/types.go:42.47,45.16 3 1
github.com/kwk-super-snippets/cli/src/app/runtime/types.go:48.2,48.18 1 1
github.com/kwk-super-snippets/cli/src/app/runtime/types.go:45.16,47.3 1 0
github.com/kwk-super-snippets/cli/src/app/runtime/types.go:51.34,54.16 3 1
github.com/kwk-super-snippets/cli/src/app/runtime/types.go:57.2,57.12 1 1
github.com/kwk-super-snippets/cli/src/app/runtime/types.go:54.16,56.3 1 0
